<?xml version="1.0" encoding="UTF-8"?>
<testng-results total="1" passed="1" failed="0" skipped="0">
  <reporter-output>
  </reporter-output>
  <suite started-at="2023-04-20T04:38:26Z" name="Default suite" finished-at="2023-04-20T04:38:44Z" duration-ms="17884">
    <groups>
      <group name="cucumber">
        <method signature="AbstractTestNGCucumberTests.runScenario(io.cucumber.testng.PickleWrapper, io.cucumber.testng.FeatureWrapper)[pri:0, instance:runner.TestRunner@302c971f]" name="runScenario" class="io.cucumber.testng.AbstractTestNGCucumberTests"/>
      </group> <!-- cucumber -->
    </groups>
    <test started-at="2023-04-20T04:38:26Z" name="Default test" finished-at="2023-04-20T04:38:44Z" duration-ms="17884">
      <class name="runner.TestRunner">
        <test-method is-config="true" signature="setUpClass()[pri:0, instance:runner.TestRunner@302c971f]" started-at="2023-04-20T10:08:26Z" name="setUpClass" finished-at="2023-04-20T10:08:27Z" duration-ms="674" status="PASS">
          <reporter-output>
          </reporter-output>
        </test-method> <!-- setUpClass -->
        <test-method signature="runScenario(io.cucumber.testng.PickleWrapper, io.cucumber.testng.FeatureWrapper)[pri:0, instance:runner.TestRunner@302c971f]" started-at="2023-04-20T10:08:27Z" name="runScenario" description="Runs Cucumber Scenarios" data-provider="scenarios" finished-at="2023-04-20T10:08:43Z" duration-ms="15774" status="PASS">
          <params>
            <param index="0">
              <value>
                <![CDATA["Verify Login page components"]]>
              </value>
            </param>
            <param index="1">
              <value>
                <![CDATA["Optional[As user, I want to verify OrangeHRM login page functionaliy]"]]>
              </value>
            </param>
          </params>
          <reporter-output>
          </reporter-output>
        </test-method> <!-- runScenario -->
        <test-method is-config="true" signature="tearDownClass()[pri:0, instance:runner.TestRunner@302c971f]" started-at="2023-04-20T10:08:43Z" name="tearDownClass" finished-at="2023-04-20T10:08:44Z" duration-ms="1407" status="PASS">
          <reporter-output>
          </reporter-output>
        </test-method> <!-- tearDownClass -->
      </class> <!-- runner.TestRunner -->
    </test> <!-- Default test -->
  </suite> <!-- Default suite -->
</testng-results>
