<?xml version="1.0" encoding="UTF-8"?>
<testng-results ignored="0" total="1" passed="1" failed="0" skipped="0">
  <reporter-output>
  </reporter-output>
  <suite started-at="2023-04-13T04:43:52Z" name="Default suite" finished-at="2023-04-13T04:44:12Z" duration-ms="19734">
    <groups>
    </groups>
    <test started-at="2023-04-13T04:43:52Z" name="Default test" finished-at="2023-04-13T04:44:12Z" duration-ms="19734">
      <class name="testscripts.TestOrangeHRMLoginLogout">
        <test-method is-config="true" signature="precondition()[pri:0, instance:testscripts.TestOrangeHRMLoginLogout@1750fbeb]" started-at="2023-04-13T04:43:52Z" name="precondition" finished-at="2023-04-13T04:44:07Z" duration-ms="14434" status="PASS">
          <reporter-output>
          </reporter-output>
        </test-method> <!-- precondition -->
        <test-method signature="testLoginLogout()[pri:0, instance:testscripts.TestOrangeHRMLoginLogout@1750fbeb]" started-at="2023-04-13T04:44:07Z" name="testLoginLogout" finished-at="2023-04-13T04:44:10Z" duration-ms="2863" status="PASS">
          <reporter-output>
          </reporter-output>
        </test-method> <!-- testLoginLogout -->
        <test-method is-config="true" signature="postCondition()[pri:0, instance:testscripts.TestOrangeHRMLoginLogout@1750fbeb]" started-at="2023-04-13T04:44:10Z" name="postCondition" finished-at="2023-04-13T04:44:12Z" duration-ms="2416" status="PASS">
          <reporter-output>
          </reporter-output>
        </test-method> <!-- postCondition -->
      </class> <!-- testscripts.TestOrangeHRMLoginLogout -->
    </test> <!-- Default test -->
  </suite> <!-- Default suite -->
</testng-results>
